0 info it worked if it ends with ok
1 verbose cli [ '/usr/local/bin/node',
1 verbose cli   '/usr/local/bin/npm',
1 verbose cli   'run',
1 verbose cli   'test-karma' ]
2 info using npm@3.10.10
3 info using node@v6.10.0
4 verbose run-script [ 'pretest-karma', 'test-karma', 'posttest-karma' ]
5 info lifecycle parking@1.0.0~pretest-karma: parking@1.0.0
6 silly lifecycle parking@1.0.0~pretest-karma: no script for pretest-karma, continuing
7 info lifecycle parking@1.0.0~test-karma: parking@1.0.0
8 verbose lifecycle parking@1.0.0~test-karma: unsafe-perm in lifecycle true
9 verbose lifecycle parking@1.0.0~test-karma: PATH: /usr/local/lib/node_modules/npm/bin/node-gyp-bin:/Users/wilix/wilix/Parking/parking-mobile-app/node_modules/.bin:/usr/local/bin:/usr/bin:/bin:/usr/sbin:/sbin
10 verbose lifecycle parking@1.0.0~test-karma: CWD: /Users/wilix/wilix/Parking/parking-mobile-app
11 silly lifecycle parking@1.0.0~test-karma: Args: [ '-c', './node_modules/karma/bin/karma start karma.conf.js' ]
12 silly lifecycle parking@1.0.0~test-karma: Returned: code: 1  signal: null
13 info lifecycle parking@1.0.0~test-karma: Failed to exec test-karma script
14 verbose stack Error: parking@1.0.0 test-karma: `./node_modules/karma/bin/karma start karma.conf.js`
14 verbose stack Exit status 1
14 verbose stack     at EventEmitter.<anonymous> (/usr/local/lib/node_modules/npm/lib/utils/lifecycle.js:255:16)
14 verbose stack     at emitTwo (events.js:106:13)
14 verbose stack     at EventEmitter.emit (events.js:191:7)
14 verbose stack     at ChildProcess.<anonymous> (/usr/local/lib/node_modules/npm/lib/utils/spawn.js:40:14)
14 verbose stack     at emitTwo (events.js:106:13)
14 verbose stack     at ChildProcess.emit (events.js:191:7)
14 verbose stack     at maybeClose (internal/child_process.js:877:16)
14 verbose stack     at Process.ChildProcess._handle.onexit (internal/child_process.js:226:5)
15 verbose pkgid parking@1.0.0
16 verbose cwd /Users/wilix/wilix/Parking/parking-mobile-app
17 error Darwin 16.5.0
18 error argv "/usr/local/bin/node" "/usr/local/bin/npm" "run" "test-karma"
19 error node v6.10.0
20 error npm  v3.10.10
21 error code ELIFECYCLE
22 error parking@1.0.0 test-karma: `./node_modules/karma/bin/karma start karma.conf.js`
22 error Exit status 1
23 error Failed at the parking@1.0.0 test-karma script './node_modules/karma/bin/karma start karma.conf.js'.
23 error Make sure you have the latest version of node.js and npm installed.
23 error If you do, this is most likely a problem with the parking package,
23 error not with npm itself.
23 error Tell the author that this fails on your system:
23 error     ./node_modules/karma/bin/karma start karma.conf.js
23 error You can get information on how to open an issue for this project with:
23 error     npm bugs parking
23 error Or if that isn't available, you can get their info via:
23 error     npm owner ls parking
23 error There is likely additional logging output above.
24 verbose exit [ 1, true ]
